<?xml version="1.0" encoding="UTF-8"?>
<testng-results skipped="0" failed="0" ignored="0" total="1" passed="1">
  <reporter-output>
  </reporter-output>
  <suite name="Default suite" duration-ms="44325" started-at="2019-08-25T14:51:49Z" finished-at="2019-08-25T14:52:33Z">
    <groups>
    </groups>
    <test name="Default test" duration-ms="44325" started-at="2019-08-25T14:51:49Z" finished-at="2019-08-25T14:52:33Z">
      <class name="TestCases.VerifyLogin2">
        <test-method status="PASS" signature="loginTest2()[pri:0, instance:TestCases.VerifyLogin2@50c87b21]" name="loginTest2" duration-ms="44221" started-at="2019-08-25T14:51:49Z" finished-at="2019-08-25T14:52:33Z">
          <reporter-output>
          </reporter-output>
        </test-method> <!-- loginTest2 -->
      </class> <!-- TestCases.VerifyLogin2 -->
    </test> <!-- Default test -->
  </suite> <!-- Default suite -->
</testng-results>
